2012/07/18 13:56:57 [error] [exception.CException] exception 'CException' with message 'Ticket and its behaviors do not have a method or closure named "getData".' in D:\www\easy-ticket\framework\base\CComponent.php:266
Stack trace:
#0 D:\www\easy-ticket\framework\db\ar\CActiveRecord.php(226): CComponent->__call('getData', Array)
#1 D:\www\easy-ticket\framework\zii\widgets\CBaseListView.php(105): CActiveRecord->__call('getData', Array)
#2 D:\www\easy-ticket\framework\zii\widgets\CBaseListView.php(105): Ticket->getData()
#3 D:\www\easy-ticket\framework\zii\widgets\CListView.php(173): CBaseListView->init()
#4 D:\www\easy-ticket\framework\web\CBaseController.php(148): CListView->init()
#5 D:\www\easy-ticket\framework\web\CBaseController.php(173): CBaseController->createWidget('zii.widgets.CLi...', Array)
#6 D:\www\easy-ticket\protected\views\ticket\view.php(37): CBaseController->widget('zii.widgets.CLi...', Array)
#7 D:\www\easy-ticket\framework\web\CBaseController.php(127): require('D:\www\easy-tic...')
#8 D:\www\easy-ticket\framework\web\CBaseController.php(96): CBaseController->renderInternal('D:\www\easy-tic...', Array, true)
#9 D:\www\easy-ticket\framework\web\CController.php(870): CBaseController->renderFile('D:\www\easy-tic...', Array, true)
#10 D:\www\easy-ticket\framework\web\CController.php(783): CController->renderPartial('view', Array, true)
#11 D:\www\easy-ticket\protected\controllers\TicketController.php(55): CController->render('view', Array)
#12 [internal function]: TicketController->actionView('1')
#13 D:\www\easy-ticket\framework\web\actions\CAction.php(107): ReflectionMethod->invokeArgs(Object(TicketController), Array)
#14 D:\www\easy-ticket\framework\web\actions\CInlineAction.php(48): CAction->runWithParamsInternal(Object(TicketController), Object(ReflectionMethod), Array)
#15 D:\www\easy-ticket\framework\web\CController.php(309): CInlineAction->runWithParams(Array)
#16 D:\www\easy-ticket\framework\web\filters\CFilterChain.php(134): CController->runAction(Object(CInlineAction))
#17 D:\www\easy-ticket\framework\web\filters\CFilter.php(41): CFilterChain->run()
#18 D:\www\easy-ticket\framework\web\CController.php(1146): CFilter->filter(Object(CFilterChain))
#19 D:\www\easy-ticket\framework\web\filters\CInlineFilter.php(59): CController->filterAccessControl(Object(CFilterChain))
#20 D:\www\easy-ticket\framework\web\filters\CFilterChain.php(131): CInlineFilter->filter(Object(CFilterChain))
#21 D:\www\easy-ticket\framework\web\CController.php(292): CFilterChain->run()
#22 D:\www\easy-ticket\framework\web\CController.php(266): CController->runActionWithFilters(Object(CInlineAction), Array)
#23 D:\www\easy-ticket\framework\web\CWebApplication.php(276): CController->run('view')
#24 D:\www\easy-ticket\framework\web\CWebApplication.php(135): CWebApplication->runController('ticket/view')
#25 D:\www\easy-ticket\framework\base\CApplication.php(162): CWebApplication->processRequest()
#26 D:\www\easy-ticket\index.php(13): CApplication->run()
#27 {main}
REQUEST_URI=/easy-ticket/index.php?r=ticket/view&id=1
---
2012/07/18 14:35:03 [warning] [application] Failed to set unsafe attribute "\'msg_content\'" of "TicketMessage".
in D:\www\easy-ticket\protected\controllers\TicketMessageController.php (71)
in D:\www\easy-ticket\index.php (13)
2012/07/18 14:42:09 [error] [exception.CHttpException.404] exception 'CHttpException' with message 'The requested page does not exist.' in D:\www\easy-ticket\protected\controllers\TicketController.php:160
Stack trace:
#0 D:\www\easy-ticket\protected\controllers\TicketController.php(54): TicketController->loadModel('13')
#1 [internal function]: TicketController->actionView('13')
#2 D:\www\easy-ticket\framework\web\actions\CAction.php(107): ReflectionMethod->invokeArgs(Object(TicketController), Array)
#3 D:\www\easy-ticket\framework\web\actions\CInlineAction.php(48): CAction->runWithParamsInternal(Object(TicketController), Object(ReflectionMethod), Array)
#4 D:\www\easy-ticket\framework\web\CController.php(309): CInlineAction->runWithParams(Array)
#5 D:\www\easy-ticket\framework\web\filters\CFilterChain.php(134): CController->runAction(Object(CInlineAction))
#6 D:\www\easy-ticket\framework\web\filters\CFilter.php(41): CFilterChain->run()
#7 D:\www\easy-ticket\framework\web\CController.php(1146): CFilter->filter(Object(CFilterChain))
#8 D:\www\easy-ticket\framework\web\filters\CInlineFilter.php(59): CController->filterAccessControl(Object(CFilterChain))
#9 D:\www\easy-ticket\framework\web\filters\CFilterChain.php(131): CInlineFilter->filter(Object(CFilterChain))
#10 D:\www\easy-ticket\framework\web\CController.php(292): CFilterChain->run()
#11 D:\www\easy-ticket\framework\web\CController.php(266): CController->runActionWithFilters(Object(CInlineAction), Array)
#12 D:\www\easy-ticket\framework\web\CWebApplication.php(276): CController->run('view')
#13 D:\www\easy-ticket\framework\web\CWebApplication.php(135): CWebApplication->runController('ticket/view')
#14 D:\www\easy-ticket\framework\base\CApplication.php(162): CWebApplication->processRequest()
#15 D:\www\easy-ticket\index.php(13): CApplication->run()
#16 {main}
REQUEST_URI=/easy-ticket/index.php?r=ticket/view&id=13
HTTP_REFERER=http://xxx/easy-ticket/index.php?r=ticket/view&id=1
---
2012/07/18 14:42:20 [error] [exception.CHttpException.404] exception 'CHttpException' with message 'The requested page does not exist.' in D:\www\easy-ticket\protected\controllers\TicketController.php:160
Stack trace:
#0 D:\www\easy-ticket\protected\controllers\TicketController.php(54): TicketController->loadModel('13')
#1 [internal function]: TicketController->actionView('13')
#2 D:\www\easy-ticket\framework\web\actions\CAction.php(107): ReflectionMethod->invokeArgs(Object(TicketController), Array)
#3 D:\www\easy-ticket\framework\web\actions\CInlineAction.php(48): CAction->runWithParamsInternal(Object(TicketController), Object(ReflectionMethod), Array)
#4 D:\www\easy-ticket\framework\web\CController.php(309): CInlineAction->runWithParams(Array)
#5 D:\www\easy-ticket\framework\web\filters\CFilterChain.php(134): CController->runAction(Object(CInlineAction))
#6 D:\www\easy-ticket\framework\web\filters\CFilter.php(41): CFilterChain->run()
#7 D:\www\easy-ticket\framework\web\CController.php(1146): CFilter->filter(Object(CFilterChain))
#8 D:\www\easy-ticket\framework\web\filters\CInlineFilter.php(59): CController->filterAccessControl(Object(CFilterChain))
#9 D:\www\easy-ticket\framework\web\filters\CFilterChain.php(131): CInlineFilter->filter(Object(CFilterChain))
#10 D:\www\easy-ticket\framework\web\CController.php(292): CFilterChain->run()
#11 D:\www\easy-ticket\framework\web\CController.php(266): CController->runActionWithFilters(Object(CInlineAction), Array)
#12 D:\www\easy-ticket\framework\web\CWebApplication.php(276): CController->run('view')
#13 D:\www\easy-ticket\framework\web\CWebApplication.php(135): CWebApplication->runController('Ticket/view')
#14 D:\www\easy-ticket\framework\base\CApplication.php(162): CWebApplication->processRequest()
#15 D:\www\easy-ticket\index.php(13): CApplication->run()
#16 {main}
REQUEST_URI=/easy-ticket/index.php?r=Ticket/view&id=13
---
2012/07/18 14:42:23 [error] [exception.CHttpException.404] exception 'CHttpException' with message 'The requested page does not exist.' in D:\www\easy-ticket\protected\controllers\TicketController.php:160
Stack trace:
#0 D:\www\easy-ticket\protected\controllers\TicketController.php(54): TicketController->loadModel('13')
#1 [internal function]: TicketController->actionView('13')
#2 D:\www\easy-ticket\framework\web\actions\CAction.php(107): ReflectionMethod->invokeArgs(Object(TicketController), Array)
#3 D:\www\easy-ticket\framework\web\actions\CInlineAction.php(48): CAction->runWithParamsInternal(Object(TicketController), Object(ReflectionMethod), Array)
#4 D:\www\easy-ticket\framework\web\CController.php(309): CInlineAction->runWithParams(Array)
#5 D:\www\easy-ticket\framework\web\filters\CFilterChain.php(134): CController->runAction(Object(CInlineAction))
#6 D:\www\easy-ticket\framework\web\filters\CFilter.php(41): CFilterChain->run()
#7 D:\www\easy-ticket\framework\web\CController.php(1146): CFilter->filter(Object(CFilterChain))
#8 D:\www\easy-ticket\framework\web\filters\CInlineFilter.php(59): CController->filterAccessControl(Object(CFilterChain))
#9 D:\www\easy-ticket\framework\web\filters\CFilterChain.php(131): CInlineFilter->filter(Object(CFilterChain))
#10 D:\www\easy-ticket\framework\web\CController.php(292): CFilterChain->run()
#11 D:\www\easy-ticket\framework\web\CController.php(266): CController->runActionWithFilters(Object(CInlineAction), Array)
#12 D:\www\easy-ticket\framework\web\CWebApplication.php(276): CController->run('view')
#13 D:\www\easy-ticket\framework\web\CWebApplication.php(135): CWebApplication->runController('ticket/view')
#14 D:\www\easy-ticket\framework\base\CApplication.php(162): CWebApplication->processRequest()
#15 D:\www\easy-ticket\index.php(13): CApplication->run()
#16 {main}
REQUEST_URI=/easy-ticket/index.php?r=ticket/view&id=13
HTTP_REFERER=http://xxx/easy-ticket/index.php?r=ticket/view&id=1
---
2012/07/18 14:42:31 [error] [exception.CHttpException.404] exception 'CHttpException' with message 'The requested page does not exist.' in D:\www\easy-ticket\protected\controllers\TicketController.php:160
Stack trace:
#0 D:\www\easy-ticket\protected\controllers\TicketController.php(54): TicketController->loadModel('13')
#1 [internal function]: TicketController->actionView('13')
#2 D:\www\easy-ticket\framework\web\actions\CAction.php(107): ReflectionMethod->invokeArgs(Object(TicketController), Array)
#3 D:\www\easy-ticket\framework\web\actions\CInlineAction.php(48): CAction->runWithParamsInternal(Object(TicketController), Object(ReflectionMethod), Array)
#4 D:\www\easy-ticket\framework\web\CController.php(309): CInlineAction->runWithParams(Array)
#5 D:\www\easy-ticket\framework\web\filters\CFilterChain.php(134): CController->runAction(Object(CInlineAction))
#6 D:\www\easy-ticket\framework\web\filters\CFilter.php(41): CFilterChain->run()
#7 D:\www\easy-ticket\framework\web\CController.php(1146): CFilter->filter(Object(CFilterChain))
#8 D:\www\easy-ticket\framework\web\filters\CInlineFilter.php(59): CController->filterAccessControl(Object(CFilterChain))
#9 D:\www\easy-ticket\framework\web\filters\CFilterChain.php(131): CInlineFilter->filter(Object(CFilterChain))
#10 D:\www\easy-ticket\framework\web\CController.php(292): CFilterChain->run()
#11 D:\www\easy-ticket\framework\web\CController.php(266): CController->runActionWithFilters(Object(CInlineAction), Array)
#12 D:\www\easy-ticket\framework\web\CWebApplication.php(276): CController->run('view')
#13 D:\www\easy-ticket\framework\web\CWebApplication.php(135): CWebApplication->runController('ticket/view')
#14 D:\www\easy-ticket\framework\base\CApplication.php(162): CWebApplication->processRequest()
#15 D:\www\easy-ticket\index.php(13): CApplication->run()
#16 {main}
REQUEST_URI=/easy-ticket/index.php?r=ticket/view&id=13
---
2012/07/18 14:55:51 [error] [exception.CException] exception 'CException' with message 'Property "Ticket.id" is not defined.' in D:\www\easy-ticket\framework\base\CComponent.php:131
Stack trace:
#0 D:\www\easy-ticket\framework\db\ar\CActiveRecord.php(144): CComponent->__get('id')
#1 D:\www\easy-ticket\protected\views\ticket\view.php(38): CActiveRecord->__get('id')
#2 D:\www\easy-ticket\framework\web\CBaseController.php(127): require('D:\www\easy-tic...')
#3 D:\www\easy-ticket\framework\web\CBaseController.php(96): CBaseController->renderInternal('D:\www\easy-tic...', Array, true)
#4 D:\www\easy-ticket\framework\web\CController.php(870): CBaseController->renderFile('D:\www\easy-tic...', Array, true)
#5 D:\www\easy-ticket\framework\web\CController.php(783): CController->renderPartial('view', Array, true)
#6 D:\www\easy-ticket\protected\controllers\TicketController.php(55): CController->render('view', Array)
#7 [internal function]: TicketController->actionView('1')
#8 D:\www\easy-ticket\framework\web\actions\CAction.php(107): ReflectionMethod->invokeArgs(Object(TicketController), Array)
#9 D:\www\easy-ticket\framework\web\actions\CInlineAction.php(48): CAction->runWithParamsInternal(Object(TicketController), Object(ReflectionMethod), Array)
#10 D:\www\easy-ticket\framework\web\CController.php(309): CInlineAction->runWithParams(Array)
#11 D:\www\easy-ticket\framework\web\filters\CFilterChain.php(134): CController->runAction(Object(CInlineAction))
#12 D:\www\easy-ticket\framework\web\filters\CFilter.php(41): CFilterChain->run()
#13 D:\www\easy-ticket\framework\web\CController.php(1146): CFilter->filter(Object(CFilterChain))
#14 D:\www\easy-ticket\framework\web\filters\CInlineFilter.php(59): CController->filterAccessControl(Object(CFilterChain))
#15 D:\www\easy-ticket\framework\web\filters\CFilterChain.php(131): CInlineFilter->filter(Object(CFilterChain))
#16 D:\www\easy-ticket\framework\web\CController.php(292): CFilterChain->run()
#17 D:\www\easy-ticket\framework\web\CController.php(266): CController->runActionWithFilters(Object(CInlineAction), Array)
#18 D:\www\easy-ticket\framework\web\CWebApplication.php(276): CController->run('view')
#19 D:\www\easy-ticket\framework\web\CWebApplication.php(135): CWebApplication->runController('ticket/view')
#20 D:\www\easy-ticket\framework\base\CApplication.php(162): CWebApplication->processRequest()
#21 D:\www\easy-ticket\index.php(13): CApplication->run()
#22 {main}
REQUEST_URI=/easy-ticket/index.php?r=ticket/view&id=1
HTTP_REFERER=http://xxx/easy-ticket/index.php?r=ticket/index
---
2012/07/18 14:59:43 [error] [exception.CHttpException.403] exception 'CHttpException' with message 'You are not authorized to perform this action.' in D:\www\easy-ticket\framework\web\auth\CAccessControlFilter.php:157
Stack trace:
#0 D:\www\easy-ticket\framework\web\auth\CAccessControlFilter.php(120): CAccessControlFilter->accessDenied(Object(CWebUser), 'You are not aut...')
#1 D:\www\easy-ticket\framework\web\filters\CFilter.php(39): CAccessControlFilter->preFilter(Object(CFilterChain))
#2 D:\www\easy-ticket\framework\web\CController.php(1146): CFilter->filter(Object(CFilterChain))
#3 D:\www\easy-ticket\framework\web\filters\CInlineFilter.php(59): CController->filterAccessControl(Object(CFilterChain))
#4 D:\www\easy-ticket\framework\web\filters\CFilterChain.php(131): CInlineFilter->filter(Object(CFilterChain))
#5 D:\www\easy-ticket\framework\web\CController.php(292): CFilterChain->run()
#6 D:\www\easy-ticket\framework\web\CController.php(266): CController->runActionWithFilters(Object(CInlineAction), Array)
#7 D:\www\easy-ticket\framework\web\CWebApplication.php(276): CController->run('reply')
#8 D:\www\easy-ticket\framework\web\CWebApplication.php(135): CWebApplication->runController('TicketMessage/r...')
#9 D:\www\easy-ticket\framework\base\CApplication.php(162): CWebApplication->processRequest()
#10 D:\www\easy-ticket\index.php(13): CApplication->run()
#11 {main}
REQUEST_URI=/easy-ticket/index.php?r=TicketMessage/reply
HTTP_REFERER=http://xxx/easy-ticket/index.php?r=ticket/view&id=1
---
2012/07/18 15:11:56 [error] [exception.CException] exception 'CException' with message 'Property "TicketMessage.is_answered" is not defined.' in D:\www\easy-ticket\framework\base\CComponent.php:174
Stack trace:
#0 D:\www\easy-ticket\framework\db\ar\CActiveRecord.php(160): CComponent->__set('is_answered', 1)
#1 D:\www\easy-ticket\protected\controllers\TicketMessageController.php(85): CActiveRecord->__set('is_answered', 1)
#2 D:\www\easy-ticket\framework\web\actions\CInlineAction.php(50): TicketMessageController->actionReply()
#3 D:\www\easy-ticket\framework\web\CController.php(309): CInlineAction->runWithParams(Array)
#4 D:\www\easy-ticket\framework\web\filters\CFilterChain.php(134): CController->runAction(Object(CInlineAction))
#5 D:\www\easy-ticket\framework\web\filters\CFilter.php(41): CFilterChain->run()
#6 D:\www\easy-ticket\framework\web\CController.php(1146): CFilter->filter(Object(CFilterChain))
#7 D:\www\easy-ticket\framework\web\filters\CInlineFilter.php(59): CController->filterAccessControl(Object(CFilterChain))
#8 D:\www\easy-ticket\framework\web\filters\CFilterChain.php(131): CInlineFilter->filter(Object(CFilterChain))
#9 D:\www\easy-ticket\framework\web\CController.php(292): CFilterChain->run()
#10 D:\www\easy-ticket\framework\web\CController.php(266): CController->runActionWithFilters(Object(CInlineAction), Array)
#11 D:\www\easy-ticket\framework\web\CWebApplication.php(276): CController->run('reply')
#12 D:\www\easy-ticket\framework\web\CWebApplication.php(135): CWebApplication->runController('TicketMessage/r...')
#13 D:\www\easy-ticket\framework\base\CApplication.php(162): CWebApplication->processRequest()
#14 D:\www\easy-ticket\index.php(13): CApplication->run()
#15 {main}
REQUEST_URI=/easy-ticket/index.php?r=TicketMessage/reply
HTTP_REFERER=http://xxx/easy-ticket/index.php?r=ticket/view&id=1
---
2012/07/18 15:13:45 [error] [exception.CException] exception 'CException' with message 'Ticket and its behaviors do not have a method or closure named "loadModel".' in D:\www\easy-ticket\framework\base\CComponent.php:266
Stack trace:
#0 D:\www\easy-ticket\framework\db\ar\CActiveRecord.php(226): CComponent->__call('loadModel', Array)
#1 D:\www\easy-ticket\protected\controllers\TicketMessageController.php(85): CActiveRecord->__call('loadModel', Array)
#2 D:\www\easy-ticket\protected\controllers\TicketMessageController.php(85): Ticket->loadModel('1')
#3 D:\www\easy-ticket\framework\web\actions\CInlineAction.php(50): TicketMessageController->actionReply()
#4 D:\www\easy-ticket\framework\web\CController.php(309): CInlineAction->runWithParams(Array)
#5 D:\www\easy-ticket\framework\web\filters\CFilterChain.php(134): CController->runAction(Object(CInlineAction))
#6 D:\www\easy-ticket\framework\web\filters\CFilter.php(41): CFilterChain->run()
#7 D:\www\easy-ticket\framework\web\CController.php(1146): CFilter->filter(Object(CFilterChain))
#8 D:\www\easy-ticket\framework\web\filters\CInlineFilter.php(59): CController->filterAccessControl(Object(CFilterChain))
#9 D:\www\easy-ticket\framework\web\filters\CFilterChain.php(131): CInlineFilter->filter(Object(CFilterChain))
#10 D:\www\easy-ticket\framework\web\CController.php(292): CFilterChain->run()
#11 D:\www\easy-ticket\framework\web\CController.php(266): CController->runActionWithFilters(Object(CInlineAction), Array)
#12 D:\www\easy-ticket\framework\web\CWebApplication.php(276): CController->run('reply')
#13 D:\www\easy-ticket\framework\web\CWebApplication.php(135): CWebApplication->runController('TicketMessage/r...')
#14 D:\www\easy-ticket\framework\base\CApplication.php(162): CWebApplication->processRequest()
#15 D:\www\easy-ticket\index.php(13): CApplication->run()
#16 {main}
REQUEST_URI=/easy-ticket/index.php?r=TicketMessage/reply
HTTP_REFERER=http://xxx/easy-ticket/index.php?r=ticket/view&id=1
---
2012/07/18 15:21:32 [error] [exception.CException] exception 'CException' with message 'Property "Ticket.guest_email" is not defined.' in D:\www\easy-ticket\framework\base\CComponent.php:131
Stack trace:
#0 D:\www\easy-ticket\framework\db\ar\CActiveRecord.php(144): CComponent->__get('guest_email')
#1 D:\www\easy-ticket\protected\views\ticket\_view.php(3): CActiveRecord->__get('guest_email')
#2 D:\www\easy-ticket\framework\web\CBaseController.php(127): require('D:\www\easy-tic...')
#3 D:\www\easy-ticket\framework\web\CBaseController.php(96): CBaseController->renderInternal('D:\www\easy-tic...', Array, true)
#4 D:\www\easy-ticket\framework\web\CController.php(870): CBaseController->renderFile('D:\www\easy-tic...', Array, true)
#5 D:\www\easy-ticket\framework\zii\widgets\CListView.php(242): CController->renderPartial('_view', Array)
#6 D:\www\easy-ticket\framework\zii\widgets\CBaseListView.php(158): CListView->renderItems()
#7 [internal function]: CBaseListView->renderSection(Array)
#8 D:\www\easy-ticket\framework\zii\widgets\CBaseListView.php(141): preg_replace_callback('/{(\w+)}/', Array, '{summary}?{sort...')
#9 D:\www\easy-ticket\framework\zii\widgets\CBaseListView.php(126): CBaseListView->renderContent()
#10 D:\www\easy-ticket\framework\web\CBaseController.php(174): CBaseListView->run()
#11 D:\www\easy-ticket\protected\views\ticket\index.php(20): CBaseController->widget('zii.widgets.CLi...', Array)
#12 D:\www\easy-ticket\framework\web\CBaseController.php(127): require('D:\www\easy-tic...')
#13 D:\www\easy-ticket\framework\web\CBaseController.php(96): CBaseController->renderInternal('D:\www\easy-tic...', Array, true)
#14 D:\www\easy-ticket\framework\web\CController.php(870): CBaseController->renderFile('D:\www\easy-tic...', Array, true)
#15 D:\www\easy-ticket\framework\web\CController.php(783): CController->renderPartial('index', Array, true)
#16 D:\www\easy-ticket\protected\controllers\TicketController.php(135): CController->render('index', Array)
#17 D:\www\easy-ticket\framework\web\actions\CInlineAction.php(50): TicketController->actionIndex()
#18 D:\www\easy-ticket\framework\web\CController.php(309): CInlineAction->runWithParams(Array)
#19 D:\www\easy-ticket\framework\web\filters\CFilterChain.php(134): CController->runAction(Object(CInlineAction))
#20 D:\www\easy-ticket\framework\web\filters\CFilter.php(41): CFilterChain->run()
#21 D:\www\easy-ticket\framework\web\CController.php(1146): CFilter->filter(Object(CFilterChain))
#22 D:\www\easy-ticket\framework\web\filters\CInlineFilter.php(59): CController->filterAccessControl(Object(CFilterChain))
#23 D:\www\easy-ticket\framework\web\filters\CFilterChain.php(131): CInlineFilter->filter(Object(CFilterChain))
#24 D:\www\easy-ticket\framework\web\CController.php(292): CFilterChain->run()
#25 D:\www\easy-ticket\framework\web\CController.php(266): CController->runActionWithFilters(Object(CInlineAction), Array)
#26 D:\www\easy-ticket\framework\web\CWebApplication.php(276): CController->run('index')
#27 D:\www\easy-ticket\framework\web\CWebApplication.php(135): CWebApplication->runController('ticket/index')
#28 D:\www\easy-ticket\framework\base\CApplication.php(162): CWebApplication->processRequest()
#29 D:\www\easy-ticket\index.php(13): CApplication->run()
#30 {main}
REQUEST_URI=/easy-ticket/index.php?r=ticket/index
HTTP_REFERER=http://xxx/easy-ticket/index.php?r=ticket/view&id=1
---
2012/07/18 15:25:16 [error] [exception.CException] exception 'CException' with message 'Property "Ticket.gust_email" is not defined.' in D:\www\easy-ticket\framework\base\CComponent.php:131
Stack trace:
#0 D:\www\easy-ticket\framework\db\ar\CActiveRecord.php(144): CComponent->__get('gust_email')
#1 D:\www\easy-ticket\protected\views\ticket\_view.php(20): CActiveRecord->__get('gust_email')
#2 D:\www\easy-ticket\framework\web\CBaseController.php(127): require('D:\www\easy-tic...')
#3 D:\www\easy-ticket\framework\web\CBaseController.php(96): CBaseController->renderInternal('D:\www\easy-tic...', Array, true)
#4 D:\www\easy-ticket\framework\web\CController.php(870): CBaseController->renderFile('D:\www\easy-tic...', Array, true)
#5 D:\www\easy-ticket\framework\zii\widgets\CListView.php(242): CController->renderPartial('_view', Array)
#6 D:\www\easy-ticket\framework\zii\widgets\CBaseListView.php(158): CListView->renderItems()
#7 [internal function]: CBaseListView->renderSection(Array)
#8 D:\www\easy-ticket\framework\zii\widgets\CBaseListView.php(141): preg_replace_callback('/{(\w+)}/', Array, '{summary}?{sort...')
#9 D:\www\easy-ticket\framework\zii\widgets\CBaseListView.php(126): CBaseListView->renderContent()
#10 D:\www\easy-ticket\framework\web\CBaseController.php(174): CBaseListView->run()
#11 D:\www\easy-ticket\protected\views\ticket\index.php(20): CBaseController->widget('zii.widgets.CLi...', Array)
#12 D:\www\easy-ticket\framework\web\CBaseController.php(127): require('D:\www\easy-tic...')
#13 D:\www\easy-ticket\framework\web\CBaseController.php(96): CBaseController->renderInternal('D:\www\easy-tic...', Array, true)
#14 D:\www\easy-ticket\framework\web\CController.php(870): CBaseController->renderFile('D:\www\easy-tic...', Array, true)
#15 D:\www\easy-ticket\framework\web\CController.php(783): CController->renderPartial('index', Array, true)
#16 D:\www\easy-ticket\protected\controllers\TicketController.php(135): CController->render('index', Array)
#17 D:\www\easy-ticket\framework\web\actions\CInlineAction.php(50): TicketController->actionIndex()
#18 D:\www\easy-ticket\framework\web\CController.php(309): CInlineAction->runWithParams(Array)
#19 D:\www\easy-ticket\framework\web\filters\CFilterChain.php(134): CController->runAction(Object(CInlineAction))
#20 D:\www\easy-ticket\framework\web\filters\CFilter.php(41): CFilterChain->run()
#21 D:\www\easy-ticket\framework\web\CController.php(1146): CFilter->filter(Object(CFilterChain))
#22 D:\www\easy-ticket\framework\web\filters\CInlineFilter.php(59): CController->filterAccessControl(Object(CFilterChain))
#23 D:\www\easy-ticket\framework\web\filters\CFilterChain.php(131): CInlineFilter->filter(Object(CFilterChain))
#24 D:\www\easy-ticket\framework\web\CController.php(292): CFilterChain->run()
#25 D:\www\easy-ticket\framework\web\CController.php(266): CController->runActionWithFilters(Object(CInlineAction), Array)
#26 D:\www\easy-ticket\framework\web\CWebApplication.php(276): CController->run('index')
#27 D:\www\easy-ticket\framework\web\CWebApplication.php(135): CWebApplication->runController('ticket/index')
#28 D:\www\easy-ticket\framework\base\CApplication.php(162): CWebApplication->processRequest()
#29 D:\www\easy-ticket\index.php(13): CApplication->run()
#30 {main}
REQUEST_URI=/easy-ticket/index.php?r=ticket/index
HTTP_REFERER=http://xxx/easy-ticket/index.php?r=ticket/view&id=1
---
2012/07/18 15:25:48 [error] [exception.CException] exception 'CException' with message 'Property "Ticket.guest_id" is not defined.' in D:\www\easy-ticket\framework\base\CComponent.php:131
Stack trace:
#0 D:\www\easy-ticket\framework\db\ar\CActiveRecord.php(144): CComponent->__get('guest_id')
#1 D:\www\easy-ticket\framework\web\helpers\CHtml.php(1696): CActiveRecord->__get('guest_id')
#2 D:\www\easy-ticket\framework\zii\widgets\CDetailView.php(210): CHtml::value(Object(Ticket), 'guest_id')
#3 D:\www\easy-ticket\framework\web\CBaseController.php(174): CDetailView->run()
#4 D:\www\easy-ticket\protected\views\ticket\view.php(31): CBaseController->widget('zii.widgets.CDe...', Array)
#5 D:\www\easy-ticket\framework\web\CBaseController.php(127): require('D:\www\easy-tic...')
#6 D:\www\easy-ticket\framework\web\CBaseController.php(96): CBaseController->renderInternal('D:\www\easy-tic...', Array, true)
#7 D:\www\easy-ticket\framework\web\CController.php(870): CBaseController->renderFile('D:\www\easy-tic...', Array, true)
#8 D:\www\easy-ticket\framework\web\CController.php(783): CController->renderPartial('view', Array, true)
#9 D:\www\easy-ticket\protected\controllers\TicketController.php(55): CController->render('view', Array)
#10 [internal function]: TicketController->actionView('2')
#11 D:\www\easy-ticket\framework\web\actions\CAction.php(107): ReflectionMethod->invokeArgs(Object(TicketController), Array)
#12 D:\www\easy-ticket\framework\web\actions\CInlineAction.php(48): CAction->runWithParamsInternal(Object(TicketController), Object(ReflectionMethod), Array)
#13 D:\www\easy-ticket\framework\web\CController.php(309): CInlineAction->runWithParams(Array)
#14 D:\www\easy-ticket\framework\web\filters\CFilterChain.php(134): CController->runAction(Object(CInlineAction))
#15 D:\www\easy-ticket\framework\web\filters\CFilter.php(41): CFilterChain->run()
#16 D:\www\easy-ticket\framework\web\CController.php(1146): CFilter->filter(Object(CFilterChain))
#17 D:\www\easy-ticket\framework\web\filters\CInlineFilter.php(59): CController->filterAccessControl(Object(CFilterChain))
#18 D:\www\easy-ticket\framework\web\filters\CFilterChain.php(131): CInlineFilter->filter(Object(CFilterChain))
#19 D:\www\easy-ticket\framework\web\CController.php(292): CFilterChain->run()
#20 D:\www\easy-ticket\framework\web\CController.php(266): CController->runActionWithFilters(Object(CInlineAction), Array)
#21 D:\www\easy-ticket\framework\web\CWebApplication.php(276): CController->run('view')
#22 D:\www\easy-ticket\framework\web\CWebApplication.php(135): CWebApplication->runController('ticket/view')
#23 D:\www\easy-ticket\framework\base\CApplication.php(162): CWebApplication->processRequest()
#24 D:\www\easy-ticket\index.php(13): CApplication->run()
#25 {main}
REQUEST_URI=/easy-ticket/index.php?r=ticket/view&id=2
HTTP_REFERER=http://xxx/easy-ticket/index.php?r=ticket/view&id=2
---
2012/07/18 15:26:11 [error] [exception.CException] exception 'CException' with message 'Property "Ticket.guest_id" is not defined.' in D:\www\easy-ticket\framework\base\CComponent.php:131
Stack trace:
#0 D:\www\easy-ticket\framework\db\ar\CActiveRecord.php(144): CComponent->__get('guest_id')
#1 D:\www\easy-ticket\protected\views\ticket\_view.php(16): CActiveRecord->__get('guest_id')
#2 D:\www\easy-ticket\framework\web\CBaseController.php(127): require('D:\www\easy-tic...')
#3 D:\www\easy-ticket\framework\web\CBaseController.php(96): CBaseController->renderInternal('D:\www\easy-tic...', Array, true)
#4 D:\www\easy-ticket\framework\web\CController.php(870): CBaseController->renderFile('D:\www\easy-tic...', Array, true)
#5 D:\www\easy-ticket\framework\zii\widgets\CListView.php(242): CController->renderPartial('_view', Array)
#6 D:\www\easy-ticket\framework\zii\widgets\CBaseListView.php(158): CListView->renderItems()
#7 [internal function]: CBaseListView->renderSection(Array)
#8 D:\www\easy-ticket\framework\zii\widgets\CBaseListView.php(141): preg_replace_callback('/{(\w+)}/', Array, '{summary}?{sort...')
#9 D:\www\easy-ticket\framework\zii\widgets\CBaseListView.php(126): CBaseListView->renderContent()
#10 D:\www\easy-ticket\framework\web\CBaseController.php(174): CBaseListView->run()
#11 D:\www\easy-ticket\protected\views\ticket\index.php(20): CBaseController->widget('zii.widgets.CLi...', Array)
#12 D:\www\easy-ticket\framework\web\CBaseController.php(127): require('D:\www\easy-tic...')
#13 D:\www\easy-ticket\framework\web\CBaseController.php(96): CBaseController->renderInternal('D:\www\easy-tic...', Array, true)
#14 D:\www\easy-ticket\framework\web\CController.php(870): CBaseController->renderFile('D:\www\easy-tic...', Array, true)
#15 D:\www\easy-ticket\framework\web\CController.php(783): CController->renderPartial('index', Array, true)
#16 D:\www\easy-ticket\protected\controllers\TicketController.php(135): CController->render('index', Array)
#17 D:\www\easy-ticket\framework\web\actions\CInlineAction.php(50): TicketController->actionIndex()
#18 D:\www\easy-ticket\framework\web\CController.php(309): CInlineAction->runWithParams(Array)
#19 D:\www\easy-ticket\framework\web\filters\CFilterChain.php(134): CController->runAction(Object(CInlineAction))
#20 D:\www\easy-ticket\framework\web\filters\CFilter.php(41): CFilterChain->run()
#21 D:\www\easy-ticket\framework\web\CController.php(1146): CFilter->filter(Object(CFilterChain))
#22 D:\www\easy-ticket\framework\web\filters\CInlineFilter.php(59): CController->filterAccessControl(Object(CFilterChain))
#23 D:\www\easy-ticket\framework\web\filters\CFilterChain.php(131): CInlineFilter->filter(Object(CFilterChain))
#24 D:\www\easy-ticket\framework\web\CController.php(292): CFilterChain->run()
#25 D:\www\easy-ticket\framework\web\CController.php(266): CController->runActionWithFilters(Object(CInlineAction), Array)
#26 D:\www\easy-ticket\framework\web\CWebApplication.php(276): CController->run('')
#27 D:\www\easy-ticket\framework\web\CWebApplication.php(135): CWebApplication->runController('ticket')
#28 D:\www\easy-ticket\framework\base\CApplication.php(162): CWebApplication->processRequest()
#29 D:\www\easy-ticket\index.php(13): CApplication->run()
#30 {main}
REQUEST_URI=/easy-ticket/index.php?r=ticket
---
2012/07/18 15:30:26 [error] [exception.CException] exception 'CException' with message 'Property "Ticket.guest_id" is not defined.' in D:\www\easy-ticket\framework\base\CComponent.php:131
Stack trace:
#0 D:\www\easy-ticket\framework\db\ar\CActiveRecord.php(144): CComponent->__get('guest_id')
#1 D:\www\easy-ticket\framework\web\helpers\CHtml.php(1696): CActiveRecord->__get('guest_id')
#2 D:\www\easy-ticket\framework\zii\widgets\CDetailView.php(210): CHtml::value(Object(Ticket), 'guest_id')
#3 D:\www\easy-ticket\framework\web\CBaseController.php(174): CDetailView->run()
#4 D:\www\easy-ticket\protected\views\ticket\view.php(31): CBaseController->widget('zii.widgets.CDe...', Array)
#5 D:\www\easy-ticket\framework\web\CBaseController.php(127): require('D:\www\easy-tic...')
#6 D:\www\easy-ticket\framework\web\CBaseController.php(96): CBaseController->renderInternal('D:\www\easy-tic...', Array, true)
#7 D:\www\easy-ticket\framework\web\CController.php(870): CBaseController->renderFile('D:\www\easy-tic...', Array, true)
#8 D:\www\easy-ticket\framework\web\CController.php(783): CController->renderPartial('view', Array, true)
#9 D:\www\easy-ticket\protected\controllers\TicketController.php(55): CController->render('view', Array)
#10 [internal function]: TicketController->actionView('1')
#11 D:\www\easy-ticket\framework\web\actions\CAction.php(107): ReflectionMethod->invokeArgs(Object(TicketController), Array)
#12 D:\www\easy-ticket\framework\web\actions\CInlineAction.php(48): CAction->runWithParamsInternal(Object(TicketController), Object(ReflectionMethod), Array)
#13 D:\www\easy-ticket\framework\web\CController.php(309): CInlineAction->runWithParams(Array)
#14 D:\www\easy-ticket\framework\web\filters\CFilterChain.php(134): CController->runAction(Object(CInlineAction))
#15 D:\www\easy-ticket\framework\web\filters\CFilter.php(41): CFilterChain->run()
#16 D:\www\easy-ticket\framework\web\CController.php(1146): CFilter->filter(Object(CFilterChain))
#17 D:\www\easy-ticket\framework\web\filters\CInlineFilter.php(59): CController->filterAccessControl(Object(CFilterChain))
#18 D:\www\easy-ticket\framework\web\filters\CFilterChain.php(131): CInlineFilter->filter(Object(CFilterChain))
#19 D:\www\easy-ticket\framework\web\CController.php(292): CFilterChain->run()
#20 D:\www\easy-ticket\framework\web\CController.php(266): CController->runActionWithFilters(Object(CInlineAction), Array)
#21 D:\www\easy-ticket\framework\web\CWebApplication.php(276): CController->run('view')
#22 D:\www\easy-ticket\framework\web\CWebApplication.php(135): CWebApplication->runController('ticket/view')
#23 D:\www\easy-ticket\framework\base\CApplication.php(162): CWebApplication->processRequest()
#24 D:\www\easy-ticket\index.php(13): CApplication->run()
#25 {main}
REQUEST_URI=/easy-ticket/index.php?r=ticket/view&id=1
HTTP_REFERER=http://xxx/easy-ticket/index.php?r=ticket
---
2012/07/18 15:30:48 [error] [exception.CException] exception 'CException' with message 'Property "Ticket.guest_id" is not defined.' in D:\www\easy-ticket\framework\base\CComponent.php:131
Stack trace:
#0 D:\www\easy-ticket\framework\db\ar\CActiveRecord.php(144): CComponent->__get('guest_id')
#1 D:\www\easy-ticket\framework\web\helpers\CHtml.php(1696): CActiveRecord->__get('guest_id')
#2 D:\www\easy-ticket\framework\zii\widgets\CDetailView.php(210): CHtml::value(Object(Ticket), 'guest_id')
#3 D:\www\easy-ticket\framework\web\CBaseController.php(174): CDetailView->run()
#4 D:\www\easy-ticket\protected\views\ticket\view.php(31): CBaseController->widget('zii.widgets.CDe...', Array)
#5 D:\www\easy-ticket\framework\web\CBaseController.php(127): require('D:\www\easy-tic...')
#6 D:\www\easy-ticket\framework\web\CBaseController.php(96): CBaseController->renderInternal('D:\www\easy-tic...', Array, true)
#7 D:\www\easy-ticket\framework\web\CController.php(870): CBaseController->renderFile('D:\www\easy-tic...', Array, true)
#8 D:\www\easy-ticket\framework\web\CController.php(783): CController->renderPartial('view', Array, true)
#9 D:\www\easy-ticket\protected\controllers\TicketController.php(55): CController->render('view', Array)
#10 [internal function]: TicketController->actionView('1')
#11 D:\www\easy-ticket\framework\web\actions\CAction.php(107): ReflectionMethod->invokeArgs(Object(TicketController), Array)
#12 D:\www\easy-ticket\framework\web\actions\CInlineAction.php(48): CAction->runWithParamsInternal(Object(TicketController), Object(ReflectionMethod), Array)
#13 D:\www\easy-ticket\framework\web\CController.php(309): CInlineAction->runWithParams(Array)
#14 D:\www\easy-ticket\framework\web\filters\CFilterChain.php(134): CController->runAction(Object(CInlineAction))
#15 D:\www\easy-ticket\framework\web\filters\CFilter.php(41): CFilterChain->run()
#16 D:\www\easy-ticket\framework\web\CController.php(1146): CFilter->filter(Object(CFilterChain))
#17 D:\www\easy-ticket\framework\web\filters\CInlineFilter.php(59): CController->filterAccessControl(Object(CFilterChain))
#18 D:\www\easy-ticket\framework\web\filters\CFilterChain.php(131): CInlineFilter->filter(Object(CFilterChain))
#19 D:\www\easy-ticket\framework\web\CController.php(292): CFilterChain->run()
#20 D:\www\easy-ticket\framework\web\CController.php(266): CController->runActionWithFilters(Object(CInlineAction), Array)
#21 D:\www\easy-ticket\framework\web\CWebApplication.php(276): CController->run('view')
#22 D:\www\easy-ticket\framework\web\CWebApplication.php(135): CWebApplication->runController('ticket/view')
#23 D:\www\easy-ticket\framework\base\CApplication.php(162): CWebApplication->processRequest()
#24 D:\www\easy-ticket\index.php(13): CApplication->run()
#25 {main}
REQUEST_URI=/easy-ticket/index.php?r=ticket/view&id=1
HTTP_REFERER=http://xxx/easy-ticket/index.php?r=ticket
---
2012/07/18 15:31:22 [error] [exception.CException] exception 'CException' with message 'Property "Ticket.guest_id" is not defined.' in D:\www\easy-ticket\framework\base\CComponent.php:131
Stack trace:
#0 D:\www\easy-ticket\framework\db\ar\CActiveRecord.php(144): CComponent->__get('guest_id')
#1 D:\www\easy-ticket\framework\web\helpers\CHtml.php(1696): CActiveRecord->__get('guest_id')
#2 D:\www\easy-ticket\framework\zii\widgets\CDetailView.php(210): CHtml::value(Object(Ticket), 'guest_id')
#3 D:\www\easy-ticket\framework\web\CBaseController.php(174): CDetailView->run()
#4 D:\www\easy-ticket\protected\views\ticket\view.php(31): CBaseController->widget('zii.widgets.CDe...', Array)
#5 D:\www\easy-ticket\framework\web\CBaseController.php(127): require('D:\www\easy-tic...')
#6 D:\www\easy-ticket\framework\web\CBaseController.php(96): CBaseController->renderInternal('D:\www\easy-tic...', Array, true)
#7 D:\www\easy-ticket\framework\web\CController.php(870): CBaseController->renderFile('D:\www\easy-tic...', Array, true)
#8 D:\www\easy-ticket\framework\web\CController.php(783): CController->renderPartial('view', Array, true)
#9 D:\www\easy-ticket\protected\controllers\TicketController.php(55): CController->render('view', Array)
#10 [internal function]: TicketController->actionView('2')
#11 D:\www\easy-ticket\framework\web\actions\CAction.php(107): ReflectionMethod->invokeArgs(Object(TicketController), Array)
#12 D:\www\easy-ticket\framework\web\actions\CInlineAction.php(48): CAction->runWithParamsInternal(Object(TicketController), Object(ReflectionMethod), Array)
#13 D:\www\easy-ticket\framework\web\CController.php(309): CInlineAction->runWithParams(Array)
#14 D:\www\easy-ticket\framework\web\filters\CFilterChain.php(134): CController->runAction(Object(CInlineAction))
#15 D:\www\easy-ticket\framework\web\filters\CFilter.php(41): CFilterChain->run()
#16 D:\www\easy-ticket\framework\web\CController.php(1146): CFilter->filter(Object(CFilterChain))
#17 D:\www\easy-ticket\framework\web\filters\CInlineFilter.php(59): CController->filterAccessControl(Object(CFilterChain))
#18 D:\www\easy-ticket\framework\web\filters\CFilterChain.php(131): CInlineFilter->filter(Object(CFilterChain))
#19 D:\www\easy-ticket\framework\web\CController.php(292): CFilterChain->run()
#20 D:\www\easy-ticket\framework\web\CController.php(266): CController->runActionWithFilters(Object(CInlineAction), Array)
#21 D:\www\easy-ticket\framework\web\CWebApplication.php(276): CController->run('view')
#22 D:\www\easy-ticket\framework\web\CWebApplication.php(135): CWebApplication->runController('ticket/view')
#23 D:\www\easy-ticket\framework\base\CApplication.php(162): CWebApplication->processRequest()
#24 D:\www\easy-ticket\index.php(13): CApplication->run()
#25 {main}
REQUEST_URI=/easy-ticket/index.php?r=ticket/view&id=2
HTTP_REFERER=http://xxx/easy-ticket/index.php?r=ticket
---
2012/07/18 15:58:55 [error] [exception.CException] exception 'CException' with message 'Property "CActiveDataProvider.with" is not defined.' in D:\www\easy-ticket\framework\base\CComponent.php:174
Stack trace:
#0 D:\www\easy-ticket\framework\web\CActiveDataProvider.php(84): CComponent->__set('with', 'help_topic')
#1 D:\www\easy-ticket\admin\protected\controllers\TicketController.php(134): CActiveDataProvider->__construct('Ticket', Array)
#2 D:\www\easy-ticket\framework\web\actions\CInlineAction.php(50): TicketController->actionIndex()
#3 D:\www\easy-ticket\framework\web\CController.php(309): CInlineAction->runWithParams(Array)
#4 D:\www\easy-ticket\framework\web\filters\CFilterChain.php(134): CController->runAction(Object(CInlineAction))
#5 D:\www\easy-ticket\framework\web\filters\CFilter.php(41): CFilterChain->run()
#6 D:\www\easy-ticket\framework\web\CController.php(1146): CFilter->filter(Object(CFilterChain))
#7 D:\www\easy-ticket\framework\web\filters\CInlineFilter.php(59): CController->filterAccessControl(Object(CFilterChain))
#8 D:\www\easy-ticket\framework\web\filters\CFilterChain.php(131): CInlineFilter->filter(Object(CFilterChain))
#9 D:\www\easy-ticket\framework\web\CController.php(292): CFilterChain->run()
#10 D:\www\easy-ticket\framework\web\CController.php(266): CController->runActionWithFilters(Object(CInlineAction), Array)
#11 D:\www\easy-ticket\framework\web\CWebApplication.php(276): CController->run('index')
#12 D:\www\easy-ticket\framework\web\CWebApplication.php(135): CWebApplication->runController('ticket/index')
#13 D:\www\easy-ticket\framework\base\CApplication.php(162): CWebApplication->processRequest()
#14 D:\www\easy-ticket\admin\index.php(13): CApplication->run()
#15 {main}
REQUEST_URI=/easy-ticket/admin/index.php?r=ticket/index
HTTP_REFERER=http://xxx/easy-ticket/admin/index.php?r=ticket/view&id=1
---
2012/07/18 16:01:27 [error] [exception.CException] exception 'CException' with message 'Property "Ticket.topic" is not defined.' in D:\www\easy-ticket\framework\base\CComponent.php:131
Stack trace:
#0 D:\www\easy-ticket\framework\db\ar\CActiveRecord.php(144): CComponent->__get('topic')
#1 D:\www\easy-ticket\admin\protected\views\ticket\_view.php(54): CActiveRecord->__get('topic')
#2 D:\www\easy-ticket\framework\web\CBaseController.php(127): require('D:\www\easy-tic...')
#3 D:\www\easy-ticket\framework\web\CBaseController.php(96): CBaseController->renderInternal('D:\www\easy-tic...', Array, true)
#4 D:\www\easy-ticket\framework\web\CController.php(870): CBaseController->renderFile('D:\www\easy-tic...', Array, true)
#5 D:\www\easy-ticket\framework\zii\widgets\CListView.php(242): CController->renderPartial('_view', Array)
#6 D:\www\easy-ticket\framework\zii\widgets\CBaseListView.php(158): CListView->renderItems()
#7 [internal function]: CBaseListView->renderSection(Array)
#8 D:\www\easy-ticket\framework\zii\widgets\CBaseListView.php(141): preg_replace_callback('/{(\w+)}/', Array, '{summary}?{sort...')
#9 D:\www\easy-ticket\framework\zii\widgets\CBaseListView.php(126): CBaseListView->renderContent()
#10 D:\www\easy-ticket\framework\web\CBaseController.php(174): CBaseListView->run()
#11 D:\www\easy-ticket\admin\protected\views\ticket\index.php(20): CBaseController->widget('zii.widgets.CLi...', Array)
#12 D:\www\easy-ticket\framework\web\CBaseController.php(127): require('D:\www\easy-tic...')
#13 D:\www\easy-ticket\framework\web\CBaseController.php(96): CBaseController->renderInternal('D:\www\easy-tic...', Array, true)
#14 D:\www\easy-ticket\framework\web\CController.php(870): CBaseController->renderFile('D:\www\easy-tic...', Array, true)
#15 D:\www\easy-ticket\framework\web\CController.php(783): CController->renderPartial('index', Array, true)
#16 D:\www\easy-ticket\admin\protected\controllers\TicketController.php(140): CController->render('index', Array)
#17 D:\www\easy-ticket\framework\web\actions\CInlineAction.php(50): TicketController->actionIndex()
#18 D:\www\easy-ticket\framework\web\CController.php(309): CInlineAction->runWithParams(Array)
#19 D:\www\easy-ticket\framework\web\filters\CFilterChain.php(134): CController->runAction(Object(CInlineAction))
#20 D:\www\easy-ticket\framework\web\filters\CFilter.php(41): CFilterChain->run()
#21 D:\www\easy-ticket\framework\web\CController.php(1146): CFilter->filter(Object(CFilterChain))
#22 D:\www\easy-ticket\framework\web\filters\CInlineFilter.php(59): CController->filterAccessControl(Object(CFilterChain))
#23 D:\www\easy-ticket\framework\web\filters\CFilterChain.php(131): CInlineFilter->filter(Object(CFilterChain))
#24 D:\www\easy-ticket\framework\web\CController.php(292): CFilterChain->run()
#25 D:\www\easy-ticket\framework\web\CController.php(266): CController->runActionWithFilters(Object(CInlineAction), Array)
#26 D:\www\easy-ticket\framework\web\CWebApplication.php(276): CController->run('index')
#27 D:\www\easy-ticket\framework\web\CWebApplication.php(135): CWebApplication->runController('ticket/index')
#28 D:\www\easy-ticket\framework\base\CApplication.php(162): CWebApplication->processRequest()
#29 D:\www\easy-ticket\admin\index.php(13): CApplication->run()
#30 {main}
REQUEST_URI=/easy-ticket/admin/index.php?r=ticket/index
HTTP_REFERER=http://xxx/easy-ticket/admin/index.php?r=ticket/view&id=1
---
2012/07/18 16:05:01 [error] [exception.CDbException] exception 'CDbException' with message 'The relation "help_topic" in active record class "Ticket" is specified with an invalid foreign key. The format of the foreign key must be "joinTable(fk1,fk2,...)".' in D:\www\easy-ticket\framework\db\ar\CActiveFinder.php:1045
Stack trace:
#0 D:\www\easy-ticket\framework\db\ar\CActiveFinder.php(1303): CJoinElement->getJoinCondition()
#1 D:\www\easy-ticket\framework\db\ar\CActiveFinder.php(805): CJoinQuery->join(Object(CJoinElement))
#2 D:\www\easy-ticket\framework\db\ar\CActiveFinder.php(744): CJoinElement->buildQuery(Object(CJoinQuery))
#3 D:\www\easy-ticket\framework\db\ar\CActiveFinder.php(155): CJoinElement->count(Object(CDbCriteria))
#4 D:\www\easy-ticket\framework\db\ar\CActiveRecord.php(1540): CActiveFinder->count(Object(CDbCriteria))
#5 D:\www\easy-ticket\framework\web\CActiveDataProvider.php(179): CActiveRecord->count(Object(CDbCriteria))
#6 D:\www\easy-ticket\framework\web\CDataProvider.php(193): CActiveDataProvider->calculateTotalItemCount()
#7 D:\www\easy-ticket\framework\web\CActiveDataProvider.php(129): CDataProvider->getTotalItemCount()
#8 D:\www\easy-ticket\framework\web\CDataProvider.php(137): CActiveDataProvider->fetchData()
#9 D:\www\easy-ticket\framework\zii\widgets\CBaseListView.php(105): CDataProvider->getData()
#10 D:\www\easy-ticket\framework\zii\widgets\CListView.php(173): CBaseListView->init()
#11 D:\www\easy-ticket\framework\web\CBaseController.php(148): CListView->init()
#12 D:\www\easy-ticket\framework\web\CBaseController.php(173): CBaseController->createWidget('zii.widgets.CLi...', Array)
#13 D:\www\easy-ticket\admin\protected\views\ticket\index.php(20): CBaseController->widget('zii.widgets.CLi...', Array)
#14 D:\www\easy-ticket\framework\web\CBaseController.php(127): require('D:\www\easy-tic...')
#15 D:\www\easy-ticket\framework\web\CBaseController.php(96): CBaseController->renderInternal('D:\www\easy-tic...', Array, true)
#16 D:\www\easy-ticket\framework\web\CController.php(870): CBaseController->renderFile('D:\www\easy-tic...', Array, true)
#17 D:\www\easy-ticket\framework\web\CController.php(783): CController->renderPartial('index', Array, true)
#18 D:\www\easy-ticket\admin\protected\controllers\TicketController.php(140): CController->render('index', Array)
#19 D:\www\easy-ticket\framework\web\actions\CInlineAction.php(50): TicketController->actionIndex()
#20 D:\www\easy-ticket\framework\web\CController.php(309): CInlineAction->runWithParams(Array)
#21 D:\www\easy-ticket\framework\web\filters\CFilterChain.php(134): CController->runAction(Object(CInlineAction))
#22 D:\www\easy-ticket\framework\web\filters\CFilter.php(41): CFilterChain->run()
#23 D:\www\easy-ticket\framework\web\CController.php(1146): CFilter->filter(Object(CFilterChain))
#24 D:\www\easy-ticket\framework\web\filters\CInlineFilter.php(59): CController->filterAccessControl(Object(CFilterChain))
#25 D:\www\easy-ticket\framework\web\filters\CFilterChain.php(131): CInlineFilter->filter(Object(CFilterChain))
#26 D:\www\easy-ticket\framework\web\CController.php(292): CFilterChain->run()
#27 D:\www\easy-ticket\framework\web\CController.php(266): CController->runActionWithFilters(Object(CInlineAction), Array)
#28 D:\www\easy-ticket\framework\web\CWebApplication.php(276): CController->run('index')
#29 D:\www\easy-ticket\framework\web\CWebApplication.php(135): CWebApplication->runController('ticket/index')
#30 D:\www\easy-ticket\framework\base\CApplication.php(162): CWebApplication->processRequest()
#31 D:\www\easy-ticket\admin\index.php(13): CApplication->run()
#32 {main}
REQUEST_URI=/easy-ticket/admin/index.php?r=ticket/index
HTTP_REFERER=http://xxx/easy-ticket/admin/index.php?r=ticket/view&id=1
---
2012/07/18 16:13:02 [error] [exception.CDbException] exception 'CDbException' with message 'Relation "help_topic ht" is not defined in active record class "Ticket".' in D:\www\easy-ticket\framework\db\ar\CActiveFinder.php:215
Stack trace:
#0 D:\www\easy-ticket\framework\db\ar\CActiveFinder.php(310): CActiveFinder->buildJoinTree(Object(CJoinElement), 'help_topic ht')
#1 D:\www\easy-ticket\framework\db\ar\CActiveFinder.php(49): CActiveFinder->buildJoinTree(Object(CJoinElement), Array)
#2 D:\www\easy-ticket\framework\db\ar\CActiveRecord.php(1539): CActiveFinder->__construct(Object(Ticket), Array)
#3 D:\www\easy-ticket\framework\web\CActiveDataProvider.php(179): CActiveRecord->count(Object(CDbCriteria))
#4 D:\www\easy-ticket\framework\web\CDataProvider.php(193): CActiveDataProvider->calculateTotalItemCount()
#5 D:\www\easy-ticket\framework\web\CActiveDataProvider.php(129): CDataProvider->getTotalItemCount()
#6 D:\www\easy-ticket\framework\web\CDataProvider.php(137): CActiveDataProvider->fetchData()
#7 D:\www\easy-ticket\framework\zii\widgets\CBaseListView.php(105): CDataProvider->getData()
#8 D:\www\easy-ticket\framework\zii\widgets\CListView.php(173): CBaseListView->init()
#9 D:\www\easy-ticket\framework\web\CBaseController.php(148): CListView->init()
#10 D:\www\easy-ticket\framework\web\CBaseController.php(173): CBaseController->createWidget('zii.widgets.CLi...', Array)
#11 D:\www\easy-ticket\admin\protected\views\ticket\index.php(20): CBaseController->widget('zii.widgets.CLi...', Array)
#12 D:\www\easy-ticket\framework\web\CBaseController.php(127): require('D:\www\easy-tic...')
#13 D:\www\easy-ticket\framework\web\CBaseController.php(96): CBaseController->renderInternal('D:\www\easy-tic...', Array, true)
#14 D:\www\easy-ticket\framework\web\CController.php(870): CBaseController->renderFile('D:\www\easy-tic...', Array, true)
#15 D:\www\easy-ticket\framework\web\CController.php(783): CController->renderPartial('index', Array, true)
#16 D:\www\easy-ticket\admin\protected\controllers\TicketController.php(140): CController->render('index', Array)
#17 D:\www\easy-ticket\framework\web\actions\CInlineAction.php(50): TicketController->actionIndex()
#18 D:\www\easy-ticket\framework\web\CController.php(309): CInlineAction->runWithParams(Array)
#19 D:\www\easy-ticket\framework\web\filters\CFilterChain.php(134): CController->runAction(Object(CInlineAction))
#20 D:\www\easy-ticket\framework\web\filters\CFilter.php(41): CFilterChain->run()
#21 D:\www\easy-ticket\framework\web\CController.php(1146): CFilter->filter(Object(CFilterChain))
#22 D:\www\easy-ticket\framework\web\filters\CInlineFilter.php(59): CController->filterAccessControl(Object(CFilterChain))
#23 D:\www\easy-ticket\framework\web\filters\CFilterChain.php(131): CInlineFilter->filter(Object(CFilterChain))
#24 D:\www\easy-ticket\framework\web\CController.php(292): CFilterChain->run()
#25 D:\www\easy-ticket\framework\web\CController.php(266): CController->runActionWithFilters(Object(CInlineAction), Array)
#26 D:\www\easy-ticket\framework\web\CWebApplication.php(276): CController->run('index')
#27 D:\www\easy-ticket\framework\web\CWebApplication.php(135): CWebApplication->runController('ticket/index')
#28 D:\www\easy-ticket\framework\base\CApplication.php(162): CWebApplication->processRequest()
#29 D:\www\easy-ticket\admin\index.php(13): CApplication->run()
#30 {main}
REQUEST_URI=/easy-ticket/admin/index.php?r=ticket/index
HTTP_REFERER=http://xxx/easy-ticket/admin/index.php?r=ticket/view&id=1
---
2012/07/18 16:14:24 [error] [exception.CDbException] exception 'CDbException' with message 'Relation "ticket" is not defined in active record class "Ticket".' in D:\www\easy-ticket\framework\db\ar\CActiveFinder.php:215
Stack trace:
#0 D:\www\easy-ticket\framework\db\ar\CActiveFinder.php(199): CActiveFinder->buildJoinTree(Object(CJoinElement), 'ticket')
#1 D:\www\easy-ticket\framework\db\ar\CActiveFinder.php(199): CActiveFinder->buildJoinTree(Object(CJoinElement), 'ticket.topic_id...')
#2 D:\www\easy-ticket\framework\db\ar\CActiveFinder.php(310): CActiveFinder->buildJoinTree(Object(CJoinElement), 'ticket.topic_id...')
#3 D:\www\easy-ticket\framework\db\ar\CActiveFinder.php(49): CActiveFinder->buildJoinTree(Object(CJoinElement), Array)
#4 D:\www\easy-ticket\framework\db\ar\CActiveRecord.php(1539): CActiveFinder->__construct(Object(Ticket), Array)
#5 D:\www\easy-ticket\framework\web\CActiveDataProvider.php(179): CActiveRecord->count(Object(CDbCriteria))
#6 D:\www\easy-ticket\framework\web\CDataProvider.php(193): CActiveDataProvider->calculateTotalItemCount()
#7 D:\www\easy-ticket\framework\web\CActiveDataProvider.php(129): CDataProvider->getTotalItemCount()
#8 D:\www\easy-ticket\framework\web\CDataProvider.php(137): CActiveDataProvider->fetchData()
#9 D:\www\easy-ticket\framework\zii\widgets\CBaseListView.php(105): CDataProvider->getData()
#10 D:\www\easy-ticket\framework\zii\widgets\CListView.php(173): CBaseListView->init()
#11 D:\www\easy-ticket\framework\web\CBaseController.php(148): CListView->init()
#12 D:\www\easy-ticket\framework\web\CBaseController.php(173): CBaseController->createWidget('zii.widgets.CLi...', Array)
#13 D:\www\easy-ticket\admin\protected\views\ticket\index.php(20): CBaseController->widget('zii.widgets.CLi...', Array)
#14 D:\www\easy-ticket\framework\web\CBaseController.php(127): require('D:\www\easy-tic...')
#15 D:\www\easy-ticket\framework\web\CBaseController.php(96): CBaseController->renderInternal('D:\www\easy-tic...', Array, true)
#16 D:\www\easy-ticket\framework\web\CController.php(870): CBaseController->renderFile('D:\www\easy-tic...', Array, true)
#17 D:\www\easy-ticket\framework\web\CController.php(783): CController->renderPartial('index', Array, true)
#18 D:\www\easy-ticket\admin\protected\controllers\TicketController.php(140): CController->render('index', Array)
#19 D:\www\easy-ticket\framework\web\actions\CInlineAction.php(50): TicketController->actionIndex()
#20 D:\www\easy-ticket\framework\web\CController.php(309): CInlineAction->runWithParams(Array)
#21 D:\www\easy-ticket\framework\web\filters\CFilterChain.php(134): CController->runAction(Object(CInlineAction))
#22 D:\www\easy-ticket\framework\web\filters\CFilter.php(41): CFilterChain->run()
#23 D:\www\easy-ticket\framework\web\CController.php(1146): CFilter->filter(Object(CFilterChain))
#24 D:\www\easy-ticket\framework\web\filters\CInlineFilter.php(59): CController->filterAccessControl(Object(CFilterChain))
#25 D:\www\easy-ticket\framework\web\filters\CFilterChain.php(131): CInlineFilter->filter(Object(CFilterChain))
#26 D:\www\easy-ticket\framework\web\CController.php(292): CFilterChain->run()
#27 D:\www\easy-ticket\framework\web\CController.php(266): CController->runActionWithFilters(Object(CInlineAction), Array)
#28 D:\www\easy-ticket\framework\web\CWebApplication.php(276): CController->run('index')
#29 D:\www\easy-ticket\framework\web\CWebApplication.php(135): CWebApplication->runController('ticket/index')
#30 D:\www\easy-ticket\framework\base\CApplication.php(162): CWebApplication->processRequest()
#31 D:\www\easy-ticket\admin\index.php(13): CApplication->run()
#32 {main}
REQUEST_URI=/easy-ticket/admin/index.php?r=ticket/index
HTTP_REFERER=http://xxx/easy-ticket/admin/index.php?r=ticket/view&id=1
---
2012/07/18 16:14:40 [error] [exception.CDbException] exception 'CDbException' with message 'Relation "Ticket" is not defined in active record class "Ticket".' in D:\www\easy-ticket\framework\db\ar\CActiveFinder.php:215
Stack trace:
#0 D:\www\easy-ticket\framework\db\ar\CActiveFinder.php(199): CActiveFinder->buildJoinTree(Object(CJoinElement), 'Ticket')
#1 D:\www\easy-ticket\framework\db\ar\CActiveFinder.php(199): CActiveFinder->buildJoinTree(Object(CJoinElement), 'Ticket.topic_id...')
#2 D:\www\easy-ticket\framework\db\ar\CActiveFinder.php(310): CActiveFinder->buildJoinTree(Object(CJoinElement), 'Ticket.topic_id...')
#3 D:\www\easy-ticket\framework\db\ar\CActiveFinder.php(49): CActiveFinder->buildJoinTree(Object(CJoinElement), Array)
#4 D:\www\easy-ticket\framework\db\ar\CActiveRecord.php(1539): CActiveFinder->__construct(Object(Ticket), Array)
#5 D:\www\easy-ticket\framework\web\CActiveDataProvider.php(179): CActiveRecord->count(Object(CDbCriteria))
#6 D:\www\easy-ticket\framework\web\CDataProvider.php(193): CActiveDataProvider->calculateTotalItemCount()
#7 D:\www\easy-ticket\framework\web\CActiveDataProvider.php(129): CDataProvider->getTotalItemCount()
#8 D:\www\easy-ticket\framework\web\CDataProvider.php(137): CActiveDataProvider->fetchData()
#9 D:\www\easy-ticket\framework\zii\widgets\CBaseListView.php(105): CDataProvider->getData()
#10 D:\www\easy-ticket\framework\zii\widgets\CListView.php(173): CBaseListView->init()
#11 D:\www\easy-ticket\framework\web\CBaseController.php(148): CListView->init()
#12 D:\www\easy-ticket\framework\web\CBaseController.php(173): CBaseController->createWidget('zii.widgets.CLi...', Array)
#13 D:\www\easy-ticket\admin\protected\views\ticket\index.php(20): CBaseController->widget('zii.widgets.CLi...', Array)
#14 D:\www\easy-ticket\framework\web\CBaseController.php(127): require('D:\www\easy-tic...')
#15 D:\www\easy-ticket\framework\web\CBaseController.php(96): CBaseController->renderInternal('D:\www\easy-tic...', Array, true)
#16 D:\www\easy-ticket\framework\web\CController.php(870): CBaseController->renderFile('D:\www\easy-tic...', Array, true)
#17 D:\www\easy-ticket\framework\web\CController.php(783): CController->renderPartial('index', Array, true)
#18 D:\www\easy-ticket\admin\protected\controllers\TicketController.php(140): CController->render('index', Array)
#19 D:\www\easy-ticket\framework\web\actions\CInlineAction.php(50): TicketController->actionIndex()
#20 D:\www\easy-ticket\framework\web\CController.php(309): CInlineAction->runWithParams(Array)
#21 D:\www\easy-ticket\framework\web\filters\CFilterChain.php(134): CController->runAction(Object(CInlineAction))
#22 D:\www\easy-ticket\framework\web\filters\CFilter.php(41): CFilterChain->run()
#23 D:\www\easy-ticket\framework\web\CController.php(1146): CFilter->filter(Object(CFilterChain))
#24 D:\www\easy-ticket\framework\web\filters\CInlineFilter.php(59): CController->filterAccessControl(Object(CFilterChain))
#25 D:\www\easy-ticket\framework\web\filters\CFilterChain.php(131): CInlineFilter->filter(Object(CFilterChain))
#26 D:\www\easy-ticket\framework\web\CController.php(292): CFilterChain->run()
#27 D:\www\easy-ticket\framework\web\CController.php(266): CController->runActionWithFilters(Object(CInlineAction), Array)
#28 D:\www\easy-ticket\framework\web\CWebApplication.php(276): CController->run('index')
#29 D:\www\easy-ticket\framework\web\CWebApplication.php(135): CWebApplication->runController('ticket/index')
#30 D:\www\easy-ticket\framework\base\CApplication.php(162): CWebApplication->processRequest()
#31 D:\www\easy-ticket\admin\index.php(13): CApplication->run()
#32 {main}
REQUEST_URI=/easy-ticket/admin/index.php?r=ticket/index
HTTP_REFERER=http://xxx/easy-ticket/admin/index.php?r=ticket/view&id=1
---
2012/07/18 16:15:08 [error] [exception.CDbException] exception 'CDbException' with message 'Relation "topic_id = topic_id" is not defined in active record class "HelpTopic".' in D:\www\easy-ticket\framework\db\ar\CActiveFinder.php:215
Stack trace:
#0 D:\www\easy-ticket\framework\db\ar\CActiveFinder.php(310): CActiveFinder->buildJoinTree(Object(CJoinElement), 'help_topic.topi...')
#1 D:\www\easy-ticket\framework\db\ar\CActiveFinder.php(49): CActiveFinder->buildJoinTree(Object(CJoinElement), Array)
#2 D:\www\easy-ticket\framework\db\ar\CActiveRecord.php(1539): CActiveFinder->__construct(Object(Ticket), Array)
#3 D:\www\easy-ticket\framework\web\CActiveDataProvider.php(179): CActiveRecord->count(Object(CDbCriteria))
#4 D:\www\easy-ticket\framework\web\CDataProvider.php(193): CActiveDataProvider->calculateTotalItemCount()
#5 D:\www\easy-ticket\framework\web\CActiveDataProvider.php(129): CDataProvider->getTotalItemCount()
#6 D:\www\easy-ticket\framework\web\CDataProvider.php(137): CActiveDataProvider->fetchData()
#7 D:\www\easy-ticket\framework\zii\widgets\CBaseListView.php(105): CDataProvider->getData()
#8 D:\www\easy-ticket\framework\zii\widgets\CListView.php(173): CBaseListView->init()
#9 D:\www\easy-ticket\framework\web\CBaseController.php(148): CListView->init()
#10 D:\www\easy-ticket\framework\web\CBaseController.php(173): CBaseController->createWidget('zii.widgets.CLi...', Array)
#11 D:\www\easy-ticket\admin\protected\views\ticket\index.php(20): CBaseController->widget('zii.widgets.CLi...', Array)
#12 D:\www\easy-ticket\framework\web\CBaseController.php(127): require('D:\www\easy-tic...')
#13 D:\www\easy-ticket\framework\web\CBaseController.php(96): CBaseController->renderInternal('D:\www\easy-tic...', Array, true)
#14 D:\www\easy-ticket\framework\web\CController.php(870): CBaseController->renderFile('D:\www\easy-tic...', Array, true)
#15 D:\www\easy-ticket\framework\web\CController.php(783): CController->renderPartial('index', Array, true)
#16 D:\www\easy-ticket\admin\protected\controllers\TicketController.php(140): CController->render('index', Array)
#17 D:\www\easy-ticket\framework\web\actions\CInlineAction.php(50): TicketController->actionIndex()
#18 D:\www\easy-ticket\framework\web\CController.php(309): CInlineAction->runWithParams(Array)
#19 D:\www\easy-ticket\framework\web\filters\CFilterChain.php(134): CController->runAction(Object(CInlineAction))
#20 D:\www\easy-ticket\framework\web\filters\CFilter.php(41): CFilterChain->run()
#21 D:\www\easy-ticket\framework\web\CController.php(1146): CFilter->filter(Object(CFilterChain))
#22 D:\www\easy-ticket\framework\web\filters\CInlineFilter.php(59): CController->filterAccessControl(Object(CFilterChain))
#23 D:\www\easy-ticket\framework\web\filters\CFilterChain.php(131): CInlineFilter->filter(Object(CFilterChain))
#24 D:\www\easy-ticket\framework\web\CController.php(292): CFilterChain->run()
#25 D:\www\easy-ticket\framework\web\CController.php(266): CController->runActionWithFilters(Object(CInlineAction), Array)
#26 D:\www\easy-ticket\framework\web\CWebApplication.php(276): CController->run('index')
#27 D:\www\easy-ticket\framework\web\CWebApplication.php(135): CWebApplication->runController('ticket/index')
#28 D:\www\easy-ticket\framework\base\CApplication.php(162): CWebApplication->processRequest()
#29 D:\www\easy-ticket\admin\index.php(13): CApplication->run()
#30 {main}
REQUEST_URI=/easy-ticket/admin/index.php?r=ticket/index
HTTP_REFERER=http://xxx/easy-ticket/admin/index.php?r=ticket/view&id=1
---
